<?xml version="1.0" encoding="UTF-8"?>
<testng-results ignored="0" total="1" passed="1" failed="0" skipped="0">
  <reporter-output>
  </reporter-output>
  <suite started-at="2024-07-06T09:14:34 IST" name="Suite" finished-at="2024-07-06T09:14:45 IST" duration-ms="10634">
    <groups>
    </groups>
    <test started-at="2024-07-06T09:14:34 IST" name="Test" finished-at="2024-07-06T09:14:45 IST" duration-ms="10634">
      <class name="jenkins.Launch">
        <test-method signature="login()[pri:0, instance:jenkins.Launch@2805d709]" started-at="2024-07-06T09:14:34 IST" name="login" finished-at="2024-07-06T09:14:45 IST" duration-ms="10527" status="PASS">
          <reporter-output>
          </reporter-output>
        </test-method> <!-- login -->
      </class> <!-- jenkins.Launch -->
    </test> <!-- Test -->
  </suite> <!-- Suite -->
</testng-results>
